<?xml version="1.0" encoding="UTF-8"?>
<!-- Generated by org.testng.reporters.JUnitXMLReporter -->
<testsuite hostname="Guru" name="Group" tests="6" failures="0" timestamp="26 Dec 2024 14:08:57 GMT" time="0.078" errors="0">
  <testcase name="regressionTest" time="0.016" classname="testng.GroupTest"/>
  <testcase name="regressionTest2" time="0.005" classname="testng.GroupTest"/>
  <testcase name="regressionTest3" time="0.002" classname="testng.GroupTest"/>
  <testcase name="smokeTest" time="0.002" classname="testng.GroupTest"/>
  <testcase name="smokeTest2" time="0.002" classname="testng.GroupTest"/>
  <testcase name="smokeTest3" time="0.005" classname="testng.GroupTest"/>
</testsuite> <!-- Group -->
