<?xml version="1.0" encoding="UTF-8"?>
<!-- Generated by org.testng.reporters.JUnitXMLReporter -->
<testsuite hostname="Guru" name="HelloTest" tests="6" failures="0" timestamp="23 Dec 2024 14:27:06 GMT" time="18.184" errors="0">
  <testcase name="test1" time="0.018" classname="testng.AnnotationsTest"/>
  <testcase name="test2" time="0.004" classname="testng.AnnotationsTest"/>
  <testcase name="firstTest" time="0.004" classname="testng.BasicTestNG"/>
  <testcase name="secondTest" time="0.005" classname="testng.BasicTestNG"/>
  <testcase name="loginApplication" time="12.284" classname="testng.WebDriverTestNG"/>
  <testcase name="logoutApplication" time="0.234" classname="testng.WebDriverTestNG"/>
</testsuite> <!-- HelloTest -->
